This is pdfTeX, Version 3.14159265-2.6-1.40.19 (MiKTeX 2.9.6630 64-bit) (preloaded format=pdflatex 2018.3.17)  21 OCT 2018 16:57
entering extended mode
**./PHIL315REPORT.tex
(PHIL315REPORT.tex
LaTeX2e <2017-04-15>
Babel <3.18> and hyphenation patterns for 75 language(s) loaded.
("C:\Program Files\MiKTeX 2.9\tex\latex\base\report.cls"
Document Class: report 2014/09/29 v1.4h Standard LaTeX document class
("C:\Program Files\MiKTeX 2.9\tex\latex\base\size12.clo"
File: size12.clo 2014/09/29 v1.4h Standard LaTeX file (size option)
)
\c@part=\count79
\c@chapter=\count80
\c@section=\count81
\c@subsection=\count82
\c@subsubsection=\count83
\c@paragraph=\count84
\c@subparagraph=\count85
\c@figure=\count86
\c@table=\count87
\abovecaptionskip=\skip41
\belowcaptionskip=\skip42
\bibindent=\dimen102
)
("C:\Program Files\MiKTeX 2.9\tex\latex\geometry\geometry.sty"
Package: geometry 2010/09/12 v5.6 Page Geometry

("C:\Program Files\MiKTeX 2.9\tex\latex\graphics\keyval.sty"
Package: keyval 2014/10/28 v1.15 key=value parser (DPC)
\KV@toks@=\toks14
)
("C:\Program Files\MiKTeX 2.9\tex\generic\oberdiek\ifpdf.sty"
Package: ifpdf 2017/03/15 v3.2 Provides the ifpdf switch
)
("C:\Program Files\MiKTeX 2.9\tex\generic\oberdiek\ifvtex.sty"
Package: ifvtex 2016/05/16 v1.6 Detect VTeX and its facilities (HO)
Package ifvtex Info: VTeX not detected.
)
("C:\Program Files\MiKTeX 2.9\tex\generic\ifxetex\ifxetex.sty"
Package: ifxetex 2010/09/12 v0.6 Provides ifxetex conditional
)
\Gm@cnth=\count88
\Gm@cntv=\count89
\c@Gm@tempcnt=\count90
\Gm@bindingoffset=\dimen103
\Gm@wd@mp=\dimen104
\Gm@odd@mp=\dimen105
\Gm@even@mp=\dimen106
\Gm@layoutwidth=\dimen107
\Gm@layoutheight=\dimen108
\Gm@layouthoffset=\dimen109
\Gm@layoutvoffset=\dimen110
\Gm@dimlist=\toks15

("C:\Program Files\MiKTeX 2.9\tex\latex\geometry\geometry.cfg"))
(C:\Users\User\AppData\Roaming\MiKTeX\2.9\tex\latex\fancyhdr\fancyhdr.sty
Package: fancyhdr 2017/06/30 v3.9a Extensive control of page headers and footer
s
\f@nch@headwidth=\skip43
\f@nch@O@elh=\skip44
\f@nch@O@erh=\skip45
\f@nch@O@olh=\skip46
\f@nch@O@orh=\skip47
\f@nch@O@elf=\skip48
\f@nch@O@erf=\skip49
\f@nch@O@olf=\skip50
\f@nch@O@orf=\skip51
)
("C:\Program Files\MiKTeX 2.9\tex\latex\graphics\graphicx.sty"
Package: graphicx 2017/06/01 v1.1a Enhanced LaTeX Graphics (DPC,SPQR)

("C:\Program Files\MiKTeX 2.9\tex\latex\graphics\graphics.sty"
Package: graphics 2017/06/25 v1.2c Standard LaTeX Graphics (DPC,SPQR)

("C:\Program Files\MiKTeX 2.9\tex\latex\graphics\trig.sty"
Package: trig 2016/01/03 v1.10 sin cos tan (DPC)
)
("C:\Program Files\MiKTeX 2.9\tex\latex\graphics-cfg\graphics.cfg"
File: graphics.cfg 2016/06/04 v1.11 sample graphics configuration
)
Package graphics Info: Driver file: pdftex.def on input line 99.

("C:\Program Files\MiKTeX 2.9\tex\latex\graphics-def\pdftex.def"
File: pdftex.def 2018/01/08 v1.0l Graphics/color driver for pdftex
))
\Gin@req@height=\dimen111
\Gin@req@width=\dimen112
)
("C:\Program Files\MiKTeX 2.9\tex\latex\base\textcomp.sty"
Package: textcomp 2017/04/05 v2.0i Standard LaTeX package
Package textcomp Info: Sub-encoding information:
(textcomp)               5 = only ISO-Adobe without \textcurrency
(textcomp)               4 = 5 + \texteuro
(textcomp)               3 = 4 + \textohm
(textcomp)               2 = 3 + \textestimated + \textcurrency
(textcomp)               1 = TS1 - \textcircled - \t
(textcomp)               0 = TS1 (full)
(textcomp)             Font families with sub-encoding setting implement
(textcomp)             only a restricted character set as indicated.
(textcomp)             Family '?' is the default used for unknown fonts.
(textcomp)             See the documentation for details.
Package textcomp Info: Setting ? sub-encoding to TS1/1 on input line 79.

("C:\Program Files\MiKTeX 2.9\tex\latex\base\ts1enc.def"
File: ts1enc.def 2001/06/05 v3.0e (jk/car/fm) Standard LaTeX file
)
LaTeX Info: Redefining \oldstylenums on input line 334.
Package textcomp Info: Setting cmr sub-encoding to TS1/0 on input line 349.
Package textcomp Info: Setting cmss sub-encoding to TS1/0 on input line 350.
Package textcomp Info: Setting cmtt sub-encoding to TS1/0 on input line 351.
Package textcomp Info: Setting cmvtt sub-encoding to TS1/0 on input line 352.
Package textcomp Info: Setting cmbr sub-encoding to TS1/0 on input line 353.
Package textcomp Info: Setting cmtl sub-encoding to TS1/0 on input line 354.
Package textcomp Info: Setting ccr sub-encoding to TS1/0 on input line 355.
Package textcomp Info: Setting ptm sub-encoding to TS1/4 on input line 356.
Package textcomp Info: Setting pcr sub-encoding to TS1/4 on input line 357.
Package textcomp Info: Setting phv sub-encoding to TS1/4 on input line 358.
Package textcomp Info: Setting ppl sub-encoding to TS1/3 on input line 359.
Package textcomp Info: Setting pag sub-encoding to TS1/4 on input line 360.
Package textcomp Info: Setting pbk sub-encoding to TS1/4 on input line 361.
Package textcomp Info: Setting pnc sub-encoding to TS1/4 on input line 362.
Package textcomp Info: Setting pzc sub-encoding to TS1/4 on input line 363.
Package textcomp Info: Setting bch sub-encoding to TS1/4 on input line 364.
Package textcomp Info: Setting put sub-encoding to TS1/5 on input line 365.
Package textcomp Info: Setting uag sub-encoding to TS1/5 on input line 366.
Package textcomp Info: Setting ugq sub-encoding to TS1/5 on input line 367.
Package textcomp Info: Setting ul8 sub-encoding to TS1/4 on input line 368.
Package textcomp Info: Setting ul9 sub-encoding to TS1/4 on input line 369.
Package textcomp Info: Setting augie sub-encoding to TS1/5 on input line 370.
Package textcomp Info: Setting dayrom sub-encoding to TS1/3 on input line 371.
Package textcomp Info: Setting dayroms sub-encoding to TS1/3 on input line 372.

Package textcomp Info: Setting pxr sub-encoding to TS1/0 on input line 373.
Package textcomp Info: Setting pxss sub-encoding to TS1/0 on input line 374.
Package textcomp Info: Setting pxtt sub-encoding to TS1/0 on input line 375.
Package textcomp Info: Setting txr sub-encoding to TS1/0 on input line 376.
Package textcomp Info: Setting txss sub-encoding to TS1/0 on input line 377.
Package textcomp Info: Setting txtt sub-encoding to TS1/0 on input line 378.
Package textcomp Info: Setting lmr sub-encoding to TS1/0 on input line 379.
Package textcomp Info: Setting lmdh sub-encoding to TS1/0 on input line 380.
Package textcomp Info: Setting lmss sub-encoding to TS1/0 on input line 381.
Package textcomp Info: Setting lmssq sub-encoding to TS1/0 on input line 382.
Package textcomp Info: Setting lmvtt sub-encoding to TS1/0 on input line 383.
Package textcomp Info: Setting lmtt sub-encoding to TS1/0 on input line 384.
Package textcomp Info: Setting qhv sub-encoding to TS1/0 on input line 385.
Package textcomp Info: Setting qag sub-encoding to TS1/0 on input line 386.
Package textcomp Info: Setting qbk sub-encoding to TS1/0 on input line 387.
Package textcomp Info: Setting qcr sub-encoding to TS1/0 on input line 388.
Package textcomp Info: Setting qcs sub-encoding to TS1/0 on input line 389.
Package textcomp Info: Setting qpl sub-encoding to TS1/0 on input line 390.
Package textcomp Info: Setting qtm sub-encoding to TS1/0 on input line 391.
Package textcomp Info: Setting qzc sub-encoding to TS1/0 on input line 392.
Package textcomp Info: Setting qhvc sub-encoding to TS1/0 on input line 393.
Package textcomp Info: Setting futs sub-encoding to TS1/4 on input line 394.
Package textcomp Info: Setting futx sub-encoding to TS1/4 on input line 395.
Package textcomp Info: Setting futj sub-encoding to TS1/4 on input line 396.
Package textcomp Info: Setting hlh sub-encoding to TS1/3 on input line 397.
Package textcomp Info: Setting hls sub-encoding to TS1/3 on input line 398.
Package textcomp Info: Setting hlst sub-encoding to TS1/3 on input line 399.
Package textcomp Info: Setting hlct sub-encoding to TS1/5 on input line 400.
Package textcomp Info: Setting hlx sub-encoding to TS1/5 on input line 401.
Package textcomp Info: Setting hlce sub-encoding to TS1/5 on input line 402.
Package textcomp Info: Setting hlcn sub-encoding to TS1/5 on input line 403.
Package textcomp Info: Setting hlcw sub-encoding to TS1/5 on input line 404.
Package textcomp Info: Setting hlcf sub-encoding to TS1/5 on input line 405.
Package textcomp Info: Setting pplx sub-encoding to TS1/3 on input line 406.
Package textcomp Info: Setting pplj sub-encoding to TS1/3 on input line 407.
Package textcomp Info: Setting ptmx sub-encoding to TS1/4 on input line 408.
Package textcomp Info: Setting ptmj sub-encoding to TS1/4 on input line 409.
)
("C:\Program Files\MiKTeX 2.9\tex\latex\float\float.sty"
Package: float 2001/11/08 v1.3d Float enhancements (AL)
\c@float@type=\count91
\float@exts=\toks16
\float@box=\box26
\@float@everytoks=\toks17
\@floatcapt=\box27
)
("C:\Program Files\MiKTeX 2.9\tex\latex\amsfonts\amssymb.sty"
Package: amssymb 2013/01/14 v3.01 AMS font symbols

("C:\Program Files\MiKTeX 2.9\tex\latex\amsfonts\amsfonts.sty"
Package: amsfonts 2013/01/14 v3.01 Basic AMSFonts support
\@emptytoks=\toks18
\symAMSa=\mathgroup4
\symAMSb=\mathgroup5
LaTeX Font Info:    Overwriting math alphabet `\mathfrak' in version `bold'
(Font)                  U/euf/m/n --> U/euf/b/n on input line 106.
))
(C:\Users\User\AppData\Roaming\MiKTeX\2.9\tex\latex\sidecap\sidecap.sty
Package: sidecap 2003/06/06 v1.6f SideCap Package (RN/HjG)

("C:\Program Files\MiKTeX 2.9\tex\latex\base\ifthen.sty"
Package: ifthen 2014/09/29 v1.1c Standard LaTeX ifthen package (DPC)
)
\SC@BOXWD=\dimen113
\SC@CAPWD=\dimen114
\SC@tempdima=\dimen115
\SC@tempdimb=\dimen116
\c@SC@C=\count92
\SC@BOX=\box28
)
("C:\Program Files\MiKTeX 2.9\tex\latex\amsmath\amsmath.sty"
Package: amsmath 2017/09/02 v2.17a AMS math features
\@mathmargin=\skip52

For additional information on amsmath, use the `?' option.
("C:\Program Files\MiKTeX 2.9\tex\latex\amsmath\amstext.sty"
Package: amstext 2000/06/29 v2.01 AMS text

("C:\Program Files\MiKTeX 2.9\tex\latex\amsmath\amsgen.sty"
File: amsgen.sty 1999/11/30 v2.0 generic functions
\@emptytoks=\toks19
\ex@=\dimen117
))
("C:\Program Files\MiKTeX 2.9\tex\latex\amsmath\amsbsy.sty"
Package: amsbsy 1999/11/29 v1.2d Bold Symbols
\pmbraise@=\dimen118
)
("C:\Program Files\MiKTeX 2.9\tex\latex\amsmath\amsopn.sty"
Package: amsopn 2016/03/08 v2.02 operator names
)
\inf@bad=\count93
LaTeX Info: Redefining \frac on input line 213.
\uproot@=\count94
\leftroot@=\count95
LaTeX Info: Redefining \overline on input line 375.
\classnum@=\count96
\DOTSCASE@=\count97
LaTeX Info: Redefining \ldots on input line 472.
LaTeX Info: Redefining \dots on input line 475.
LaTeX Info: Redefining \cdots on input line 596.
\Mathstrutbox@=\box29
\strutbox@=\box30
\big@size=\dimen119
LaTeX Font Info:    Redeclaring font encoding OML on input line 712.
LaTeX Font Info:    Redeclaring font encoding OMS on input line 713.
\macc@depth=\count98
\c@MaxMatrixCols=\count99
\dotsspace@=\muskip10
\c@parentequation=\count100
\dspbrk@lvl=\count101
\tag@help=\toks20
\row@=\count102
\column@=\count103
\maxfields@=\count104
\andhelp@=\toks21
\eqnshift@=\dimen120
\alignsep@=\dimen121
\tagshift@=\dimen122
\tagwidth@=\dimen123
\totwidth@=\dimen124
\lineht@=\dimen125
\@envbody=\toks22
\multlinegap=\skip53
\multlinetaggap=\skip54
\mathdisplay@stack=\toks23
LaTeX Info: Redefining \[ on input line 2817.
LaTeX Info: Redefining \] on input line 2818.
)
(C:\Users\User\AppData\Roaming\MiKTeX\2.9\tex\latex\tocbibind\tocbibind.sty
Package: tocbibind 2010/10/13 v1.5k extra ToC listings
Package tocbibind Info: The document has chapter divisions on input line 50.


Package tocbibind Note: Using chapter style headings, unless overridden.

) (PHIL315REPORT.aux)
\openout1 = `PHIL315REPORT.aux'.

LaTeX Font Info:    Checking defaults for OML/cmm/m/it on input line 30.
LaTeX Font Info:    ... okay on input line 30.
LaTeX Font Info:    Checking defaults for T1/cmr/m/n on input line 30.
LaTeX Font Info:    ... okay on input line 30.
LaTeX Font Info:    Checking defaults for OT1/cmr/m/n on input line 30.
LaTeX Font Info:    ... okay on input line 30.
LaTeX Font Info:    Checking defaults for OMS/cmsy/m/n on input line 30.
LaTeX Font Info:    ... okay on input line 30.
LaTeX Font Info:    Checking defaults for OMX/cmex/m/n on input line 30.
LaTeX Font Info:    ... okay on input line 30.
LaTeX Font Info:    Checking defaults for U/cmr/m/n on input line 30.
LaTeX Font Info:    ... okay on input line 30.
LaTeX Font Info:    Checking defaults for TS1/cmr/m/n on input line 30.
LaTeX Font Info:    Try loading font information for TS1+cmr on input line 30.
 ("C:\Program Files\MiKTeX 2.9\tex\latex\base\ts1cmr.fd"
File: ts1cmr.fd 2014/09/29 v2.5h Standard LaTeX font definitions
)
LaTeX Font Info:    ... okay on input line 30.

*geometry* driver: auto-detecting
*geometry* detected driver: pdftex
*geometry* verbose mode - [ preamble ] result:
* driver: pdftex
* paper: <default>
* layout: <same size as paper>
* layoutoffset:(h,v)=(0.0pt,0.0pt)
* modes: twoside 
* h-part:(L,W,R)=(73.71613pt, 430.00462pt, 110.57425pt)
* v-part:(T,H,B)=(95.39737pt, 556.47656pt, 143.09605pt)
* \paperwidth=614.295pt
* \paperheight=794.96999pt
* \textwidth=430.00462pt
* \textheight=556.47656pt
* \oddsidemargin=1.44614pt
* \evensidemargin=38.30426pt
* \topmargin=-13.87262pt
* \headheight=12.0pt
* \headsep=25.0pt
* \topskip=12.0pt
* \footskip=30.0pt
* \marginparwidth=95.0pt
* \marginparsep=10.0pt
* \columnsep=10.0pt
* \skip\footins=10.8pt plus 4.0pt minus 2.0pt
* \hoffset=0.0pt
* \voffset=0.0pt
* \mag=1000
* \@twocolumnfalse
* \@twosidetrue
* \@mparswitchtrue
* \@reversemarginfalse
* (1in=72.27pt=25.4mm, 1cm=28.453pt)

(C:\Users\User\AppData\Roaming\MiKTeX\2.9\tex\context\base\supp-pdf.mkii
[Loading MPS to PDF converter (version 2006.09.02).]
\scratchcounter=\count105
\scratchdimen=\dimen126
\scratchbox=\box31
\nofMPsegments=\count106
\nofMParguments=\count107
\everyMPshowfont=\toks24
\MPscratchCnt=\count108
\MPscratchDim=\dimen127
\MPnumerator=\count109
\makeMPintoPDFobject=\count110
\everyMPtoPDFconversion=\toks25
) ("C:\Program Files\MiKTeX 2.9\tex\latex\oberdiek\epstopdf-base.sty"
Package: epstopdf-base 2016/05/15 v2.6 Base part for package epstopdf

("C:\Program Files\MiKTeX 2.9\tex\generic\oberdiek\infwarerr.sty"
Package: infwarerr 2016/05/16 v1.4 Providing info/warning/error messages (HO)
)
("C:\Program Files\MiKTeX 2.9\tex\latex\oberdiek\grfext.sty"
Package: grfext 2016/05/16 v1.2 Manage graphics extensions (HO)

("C:\Program Files\MiKTeX 2.9\tex\generic\oberdiek\kvdefinekeys.sty"
Package: kvdefinekeys 2016/05/16 v1.4 Define keys (HO)

("C:\Program Files\MiKTeX 2.9\tex\generic\oberdiek\ltxcmds.sty"
Package: ltxcmds 2016/05/16 v1.23 LaTeX kernel commands for general use (HO)
)))
("C:\Program Files\MiKTeX 2.9\tex\latex\oberdiek\kvoptions.sty"
Package: kvoptions 2016/05/16 v3.12 Key value format for package options (HO)

("C:\Program Files\MiKTeX 2.9\tex\generic\oberdiek\kvsetkeys.sty"
Package: kvsetkeys 2016/05/16 v1.17 Key value parser (HO)

("C:\Program Files\MiKTeX 2.9\tex\generic\oberdiek\etexcmds.sty"
Package: etexcmds 2016/05/16 v1.6 Avoid name clashes with e-TeX commands (HO)

("C:\Program Files\MiKTeX 2.9\tex\generic\oberdiek\ifluatex.sty"
Package: ifluatex 2016/05/16 v1.4 Provides the ifluatex switch (HO)
Package ifluatex Info: LuaTeX not detected.
)
Package etexcmds Info: Could not find \expanded.
(etexcmds)             That can mean that you are not using pdfTeX 1.50 or
(etexcmds)             that some package has redefined \expanded.
(etexcmds)             In the latter case, load this package earlier.
)))
("C:\Program Files\MiKTeX 2.9\tex\generic\oberdiek\pdftexcmds.sty"
Package: pdftexcmds 2018/01/21 v0.26 Utility functions of pdfTeX for LuaTeX (HO
)
Package pdftexcmds Info: LuaTeX not detected.
Package pdftexcmds Info: \pdf@primitive is available.
Package pdftexcmds Info: \pdf@ifprimitive is available.
Package pdftexcmds Info: \pdfdraftmode found.
)
Package epstopdf-base Info: Redefining graphics rule for `.eps' on input line 4
38.
Package grfext Info: Graphics extension search list:
(grfext)             [.pdf,.png,.jpg,.mps,.jpeg,.jbig2,.jb2,.PDF,.PNG,.JPG,.JPE
G,.JBIG2,.JB2,.eps]
(grfext)             \AppendGraphicsExtensions on input line 456.
)
(C:\Users\User\AppData\Roaming\MiKTeX\2.9\tex\latex\ms\ragged2e.sty
Package: ragged2e 2009/05/21 v2.1 ragged2e Package (MS)

(C:\Users\User\AppData\Roaming\MiKTeX\2.9\tex\latex\ms\everysel.sty
Package: everysel 2011/10/28 v1.2 EverySelectfont Package (MS)

ABD: EverySelectfont initializing macros
LaTeX Info: Redefining \selectfont on input line 126.
)
\CenteringLeftskip=\skip55
\RaggedLeftLeftskip=\skip56
\RaggedRightLeftskip=\skip57
\CenteringRightskip=\skip58
\RaggedLeftRightskip=\skip59
\RaggedRightRightskip=\skip60
\CenteringParfillskip=\skip61
\RaggedLeftParfillskip=\skip62
\RaggedRightParfillskip=\skip63
\JustifyingParfillskip=\skip64
\CenteringParindent=\skip65
\RaggedLeftParindent=\skip66
\RaggedRightParindent=\skip67
\JustifyingParindent=\skip68
)
Package epstopdf Info: Source file: <images/alice.eps>
(epstopdf)                    date: 2018-10-21 16:42:39
(epstopdf)                    size: 299261 bytes
(epstopdf)             Output file: <images/alice-eps-converted-to.pdf>
(epstopdf)                    date: 2018-10-21 16:43:06
(epstopdf)                    size: 146110 bytes
(epstopdf)             Command: <epstopdf --outfile=images/alice-eps-converted-
to.pdf images/alice.eps>
(epstopdf)             \includegraphics on input line 32.
Package epstopdf Info: Output file is already uptodate.
<images/alice-eps-converted-to.pdf, id=1, 565.11125pt x 437.635pt>
File: images/alice-eps-converted-to.pdf Graphic file (type pdf)
<use images/alice-eps-converted-to.pdf>
Package pdftex.def Info: images/alice-eps-converted-to.pdf  used on input line 
32.
(pdftex.def)             Requested size: 312.9803pt x 242.38278pt.
LaTeX Font Info:    Try loading font information for U+msa on input line 32.

("C:\Program Files\MiKTeX 2.9\tex\latex\amsfonts\umsa.fd"
File: umsa.fd 2013/01/14 v3.01 AMS symbols A
)
LaTeX Font Info:    Try loading font information for U+msb on input line 32.

("C:\Program Files\MiKTeX 2.9\tex\latex\amsfonts\umsb.fd"
File: umsb.fd 2013/01/14 v3.01 AMS symbols B
) [1

{C:/Users/User/AppData/Local/MiKTeX/2.9/pdftex/config/pdftex.map} <./images/ali
ce-eps-converted-to.pdf>] (PHIL315REPORT.toc)
\tf@toc=\write3
\openout3 = `PHIL315REPORT.toc'.

 [2

]
Missing character: There is no â in font cmr12!
Missing character: There is no € in font cmr12!
Missing character: There is no ™ in font cmr12!
Missing character: There is no â in font cmr12!
Missing character: There is no € in font cmr12!
Missing character: There is no ™ in font cmr12!


Package Fancyhdr Warning: \headheight is too small (12.0pt): 
 Make it at least 14.49998pt.
 We now make it that large for the rest of the document.
 This may cause the page layout to be inconsistent, however.

[3]
Chapter 1.

Underfull \hbox (badness 10000) in paragraph at lines 60--61

 []

[4

]
Overfull \hbox (0.64655pt too wide) detected at line 83
[]
 []

Package epstopdf Info: Source file: <images/slide10.eps>
(epstopdf)                    date: 2018-10-21 16:44:28
(epstopdf)                    size: 54426 bytes
(epstopdf)             Output file: <images/slide10-eps-converted-to.pdf>
(epstopdf)                    date: 2018-10-21 16:47:49
(epstopdf)                    size: 51624 bytes
(epstopdf)             Command: <epstopdf --outfile=images/slide10-eps-converte
d-to.pdf images/slide10.eps>
(epstopdf)             \includegraphics on input line 87.
Package epstopdf Info: Output file is already uptodate.
<images/slide10-eps-converted-to.pdf, id=25, 442.65375pt x 270.00874pt>
File: images/slide10-eps-converted-to.pdf Graphic file (type pdf)
<use images/slide10-eps-converted-to.pdf>
Package pdftex.def Info: images/slide10-eps-converted-to.pdf  used on input lin
e 87.
(pdftex.def)             Requested size: 215.0023pt x 131.1477pt.
Package epstopdf Info: Source file: <images/slide11.eps>
(epstopdf)                    date: 2018-10-21 16:44:56
(epstopdf)                    size: 81151 bytes
(epstopdf)             Output file: <images/slide11-eps-converted-to.pdf>
(epstopdf)                    date: 2018-10-21 16:47:50
(epstopdf)                    size: 78705 bytes
(epstopdf)             Command: <epstopdf --outfile=images/slide11-eps-converte
d-to.pdf images/slide11.eps>
(epstopdf)             \includegraphics on input line 92.
Package epstopdf Info: Output file is already uptodate.
<images/slide11-eps-converted-to.pdf, id=26, 441.65pt x 283.0575pt>
File: images/slide11-eps-converted-to.pdf Graphic file (type pdf)
<use images/slide11-eps-converted-to.pdf>
Package pdftex.def Info: images/slide11-eps-converted-to.pdf  used on input lin
e 92.
(pdftex.def)             Requested size: 215.0023pt x 137.79668pt.

Underfull \hbox (badness 10000) in paragraph at lines 83--97

 []


Underfull \hbox (badness 10000) in paragraph at lines 83--97

 []


Underfull \hbox (badness 10000) in paragraph at lines 83--97

 []


LaTeX Warning: `h' float specifier changed to `ht'.


LaTeX Warning: `!h' float specifier changed to `!ht'.


Underfull \hbox (badness 10000) in paragraph at lines 99--103

 []

[5] [6 <./images/slide10-eps-converted-to.pdf> <./images/slide11-eps-converted-
to.pdf>] [7]
Chapter 2.

Underfull \hbox (badness 4156) in paragraph at lines 129--129
[]\OT1/cmr/m/n/12 Gettier Truth-tellers an-nounce
 []


Overfull \hbox (16.08383pt too wide) in paragraph at lines 126--132
[][] 
 []

Package epstopdf Info: Source file: <images/gettiermodelbase.eps>
(epstopdf)                    date: 2018-10-21 16:43:56
(epstopdf)                    size: 8671 bytes
(epstopdf)             Output file: <images/gettiermodelbase-eps-converted-to.p
df>
(epstopdf)                    date: 2018-10-21 16:47:52
(epstopdf)                    size: 8738 bytes
(epstopdf)             Command: <epstopdf --outfile=images/gettiermodelbase-eps
-converted-to.pdf images/gettiermodelbase.eps>
(epstopdf)             \includegraphics on input line 141.
Package epstopdf Info: Output file is already uptodate.
<images/gettiermodelbase-eps-converted-to.pdf, id=45, 353.32pt x 156.585pt>
File: images/gettiermodelbase-eps-converted-to.pdf Graphic file (type pdf)
<use images/gettiermodelbase-eps-converted-to.pdf>
Package pdftex.def Info: images/gettiermodelbase-eps-converted-to.pdf  used on 
input line 141.
(pdftex.def)             Requested size: 215.0023pt x 95.28494pt.
[8

]
Package epstopdf Info: Source file: <images/slide19.eps>
(epstopdf)                    date: 2018-10-21 16:45:24
(epstopdf)                    size: 48821 bytes
(epstopdf)             Output file: <images/slide19-eps-converted-to.pdf>
(epstopdf)                    date: 2018-10-21 16:47:53
(epstopdf)                    size: 40262 bytes
(epstopdf)             Command: <epstopdf --outfile=images/slide19-eps-converte
d-to.pdf images/slide19.eps>
(epstopdf)             \includegraphics on input line 150.
Package epstopdf Info: Output file is already uptodate.
<images/slide19-eps-converted-to.pdf, id=49, 409.53pt x 303.1325pt>
File: images/slide19-eps-converted-to.pdf Graphic file (type pdf)
<use images/slide19-eps-converted-to.pdf>
Package pdftex.def Info: images/slide19-eps-converted-to.pdf  used on input lin
e 150.
(pdftex.def)             Requested size: 215.0023pt x 159.14694pt.
Package epstopdf Info: Source file: <images/slide21.eps>
(epstopdf)                    date: 2018-10-21 16:45:53
(epstopdf)                    size: 124523 bytes
(epstopdf)             Output file: <images/slide21-eps-converted-to.pdf>
(epstopdf)                    date: 2018-10-21 16:47:54
(epstopdf)                    size: 51814 bytes
(epstopdf)             Command: <epstopdf --outfile=images/slide21-eps-converte
d-to.pdf images/slide21.eps>
(epstopdf)             \includegraphics on input line 156.
Package epstopdf Info: Output file is already uptodate.
<images/slide21-eps-converted-to.pdf, id=50, 460.72125pt x 306.14375pt>
File: images/slide21-eps-converted-to.pdf Graphic file (type pdf)
<use images/slide21-eps-converted-to.pdf>
Package pdftex.def Info: images/slide21-eps-converted-to.pdf  used on input lin
e 156.
(pdftex.def)             Requested size: 215.0023pt x 142.86455pt.


LaTeX Warning: `h' float specifier changed to `ht'.

[9 <./images/gettiermodelbase-eps-converted-to.pdf> <./images/slide19-eps-conve
rted-to.pdf>] [10 <./images/slide21-eps-converted-to.pdf>]
Chapter 3.
Package epstopdf Info: Source file: <images/slide25.eps>
(epstopdf)                    date: 2018-10-21 16:48:37
(epstopdf)                    size: 41637 bytes
(epstopdf)             Output file: <images/slide25-eps-converted-to.pdf>
(epstopdf)                    date: 2018-10-21 16:52:08
(epstopdf)                    size: 40719 bytes
(epstopdf)             Command: <epstopdf --outfile=images/slide25-eps-converte
d-to.pdf images/slide25.eps>
(epstopdf)             \includegraphics on input line 174.
Package epstopdf Info: Output file is already uptodate.
<images/slide25-eps-converted-to.pdf, id=66, 426.59375pt x 297.11pt>
File: images/slide25-eps-converted-to.pdf Graphic file (type pdf)
<use images/slide25-eps-converted-to.pdf>
Package pdftex.def Info: images/slide25-eps-converted-to.pdf  used on input lin
e 174.
(pdftex.def)             Requested size: 215.0023pt x 149.74695pt.
Package epstopdf Info: Source file: <images/slide27.eps>
(epstopdf)                    date: 2018-10-21 16:49:00
(epstopdf)                    size: 169403 bytes
(epstopdf)             Output file: <images/slide27-eps-converted-to.pdf>
(epstopdf)                    date: 2018-10-21 16:52:09
(epstopdf)                    size: 133942 bytes
(epstopdf)             Command: <epstopdf --outfile=images/slide27-eps-converte
d-to.pdf images/slide27.eps>
(epstopdf)             \includegraphics on input line 179.
Package epstopdf Info: Output file is already uptodate.
<images/slide27-eps-converted-to.pdf, id=67, 455.7025pt x 300.12125pt>
File: images/slide27-eps-converted-to.pdf Graphic file (type pdf)
<use images/slide27-eps-converted-to.pdf>
Package pdftex.def Info: images/slide27-eps-converted-to.pdf  used on input lin
e 179.
(pdftex.def)             Requested size: 215.0023pt x 141.60196pt.

Underfull \hbox (badness 10000) in paragraph at lines 170--184

 []


LaTeX Warning: `!h' float specifier changed to `!ht'.


LaTeX Warning: `!h' float specifier changed to `!ht'.

[11

]
Missing character: There is no â in font cmr12!
Missing character: There is no € in font cmr12!
Missing character: There is no ™ in font cmr12!

Underfull \vbox (badness 5008) has occurred while \output is active []

 [12 <./images/slide25-eps-converted-to.pdf> <./images/slide27-eps-converted-to
.pdf>]
Package epstopdf Info: Source file: <images/slide30.eps>
(epstopdf)                    date: 2018-10-21 16:49:25
(epstopdf)                    size: 44182 bytes
(epstopdf)             Output file: <images/slide30-eps-converted-to.pdf>
(epstopdf)                    date: 2018-10-21 16:52:10
(epstopdf)                    size: 44090 bytes
(epstopdf)             Command: <epstopdf --outfile=images/slide30-eps-converte
d-to.pdf images/slide30.eps>
(epstopdf)             \includegraphics on input line 200.
Package epstopdf Info: Output file is already uptodate.
<images/slide30-eps-converted-to.pdf, id=80, 411.5375pt x 299.1175pt>
File: images/slide30-eps-converted-to.pdf Graphic file (type pdf)
<use images/slide30-eps-converted-to.pdf>
Package pdftex.def Info: images/slide30-eps-converted-to.pdf  used on input lin
e 200.
(pdftex.def)             Requested size: 215.0023pt x 156.26768pt.
Package epstopdf Info: Source file: <images/slide32.eps>
(epstopdf)                    date: 2018-10-21 16:49:46
(epstopdf)                    size: 167361 bytes
(epstopdf)             Output file: <images/slide32-eps-converted-to.pdf>
(epstopdf)                    date: 2018-10-21 16:52:11
(epstopdf)                    size: 48063 bytes
(epstopdf)             Command: <epstopdf --outfile=images/slide32-eps-converte
d-to.pdf images/slide32.eps>
(epstopdf)             \includegraphics on input line 205.
Package epstopdf Info: Output file is already uptodate.
<images/slide32-eps-converted-to.pdf, id=81, 423.5825pt x 297.11pt>
File: images/slide32-eps-converted-to.pdf Graphic file (type pdf)
<use images/slide32-eps-converted-to.pdf>
Package pdftex.def Info: images/slide32-eps-converted-to.pdf  used on input lin
e 205.
(pdftex.def)             Requested size: 215.0023pt x 150.80779pt.

Underfull \hbox (badness 10000) in paragraph at lines 196--210

 []


LaTeX Warning: `!h' float specifier changed to `!ht'.

Missing character: There is no â in font cmr12!
Missing character: There is no € in font cmr12!
Missing character: There is no ™ in font cmr12!
Missing character: There is no â in font cmr12!
Missing character: There is no € in font cmr12!
Missing character: There is no ™ in font cmr12!
[13 <./images/slide30-eps-converted-to.pdf>]
Package epstopdf Info: Source file: <images/slide34.eps>
(epstopdf)                    date: 2018-10-21 16:50:09
(epstopdf)                    size: 42863 bytes
(epstopdf)             Output file: <images/slide34-eps-converted-to.pdf>
(epstopdf)                    date: 2018-10-21 16:52:13
(epstopdf)                    size: 40958 bytes
(epstopdf)             Command: <epstopdf --outfile=images/slide34-eps-converte
d-to.pdf images/slide34.eps>
(epstopdf)             \includegraphics on input line 223.
Package epstopdf Info: Output file is already uptodate.
<images/slide34-eps-converted-to.pdf, id=89, 416.55624pt x 301.125pt>
File: images/slide34-eps-converted-to.pdf Graphic file (type pdf)
<use images/slide34-eps-converted-to.pdf>
Package pdftex.def Info: images/slide34-eps-converted-to.pdf  used on input lin
e 223.
(pdftex.def)             Requested size: 215.0023pt x 155.4234pt.
Package epstopdf Info: Source file: <images/slide36.eps>
(epstopdf)                    date: 2018-10-21 16:50:29
(epstopdf)                    size: 196605 bytes
(epstopdf)             Output file: <images/slide36-eps-converted-to.pdf>
(epstopdf)                    date: 2018-10-21 16:52:14
(epstopdf)                    size: 54406 bytes
(epstopdf)             Command: <epstopdf --outfile=images/slide36-eps-converte
d-to.pdf images/slide36.eps>
(epstopdf)             \includegraphics on input line 228.
Package epstopdf Info: Output file is already uptodate.
<images/slide36-eps-converted-to.pdf, id=90, 500.87125pt x 299.1175pt>
File: images/slide36-eps-converted-to.pdf Graphic file (type pdf)
<use images/slide36-eps-converted-to.pdf>
Package pdftex.def Info: images/slide36-eps-converted-to.pdf  used on input lin
e 228.
(pdftex.def)             Requested size: 215.0023pt x 128.39893pt.

Underfull \hbox (badness 10000) in paragraph at lines 219--233

 []


LaTeX Warning: `!h' float specifier changed to `!ht'.


LaTeX Warning: `!h' float specifier changed to `!ht'.

[14 <./images/slide32-eps-converted-to.pdf>] [15 <./images/slide34-eps-converte
d-to.pdf> <./images/slide36-eps-converted-to.pdf>]
Chapter 4.
(PHIL315REPORT.bbl [16

]) [17

] (PHIL315REPORT.aux) ) 
Here is how much of TeX's memory you used:
 3866 strings out of 493305
 54830 string characters out of 3138877
 117746 words of memory out of 3000000
 7323 multiletter control sequences out of 15000+200000
 14370 words of font info for 54 fonts, out of 3000000 for 9000
 1141 hyphenation exceptions out of 8191
 41i,13n,43p,771b,247s stack positions out of 5000i,500n,10000p,200000b,50000s
 <C:\Users\User\AppData\Local\MiKTeX\2.9\fonts\pk\ljfour
\jknappen\ec\dpi600\tcrm1200.pk> <C:\Users\User\AppData\Local\MiKTeX\2.9\fonts\
pk\ljfour\jknappen\ec\dpi600\tcrm0800.pk><C:/Program Files/MiKTeX 2.9/fonts/typ
e1/public/amsfonts/cm/cmbx12.pfb><C:/Program Files/MiKTeX 2.9/fonts/type1/publi
c/amsfonts/cm/cmmi12.pfb><C:/Program Files/MiKTeX 2.9/fonts/type1/public/amsfon
ts/cm/cmmi8.pfb><C:/Program Files/MiKTeX 2.9/fonts/type1/public/amsfonts/cm/cmr
12.pfb><C:/Program Files/MiKTeX 2.9/fonts/type1/public/amsfonts/cm/cmr17.pfb><C
:/Program Files/MiKTeX 2.9/fonts/type1/public/amsfonts/cm/cmr8.pfb><C:/Program 
Files/MiKTeX 2.9/fonts/type1/public/amsfonts/cm/cmsy10.pfb><C:/Program Files/Mi
KTeX 2.9/fonts/type1/public/amsfonts/cm/cmti12.pfb><C:/Program Files/MiKTeX 2.9
/fonts/type1/public/amsfonts/symbols/msbm10.pfb>
Output written on PHIL315REPORT.pdf (17 pages, 849038 bytes).
PDF statistics:
 152 PDF objects out of 1000 (max. 8388607)
 0 named destinations out of 1000 (max. 500000)
 61 words of extra memory for PDF output out of 10000 (max. 10000000)

